Microsoft (R) Macro Assembler Version 14.32.31342.0	    02/25/26 23:30:23
G3P							     Page 1 - 1


				; Program 2: RPN Calculator Program
				; Course: Assembly (CMSC 3100)
				; Group: 3
				; Members:
				; 	Shawn Gallagher - GAL82896@pennwest.edu
				; 	Lucas Giovannelli - GIO07221@pennwest.edu
				
				TITLE G3P2
				INCLUDE Irvine32.inc
			      C ; Include file for Irvine32.lib             (Irvine32.inc)
			      C 
			      C ;OPTION CASEMAP:NONE		; optional: make identifiers case-sensitive
			      C 
			      C INCLUDE SmallWin.inc		; MS-Windows prototypes, structures, and constants
			      C .NOLIST
			      C .LIST
			      C 
			      C INCLUDE VirtualKeys.inc
			      C ; VirtualKeys.inc
			      C .NOLIST
			      C .LIST
			      C 
			      C 
			      C .NOLIST
			      C .LIST
			      C 
				
 = 00000008			stackSize EQU 8
				
 00000000			.data
 00000000  00000008 [		numStack SDWORD stackSize DUP(0)
	    00000000
	   ]
 00000020 00000000		stackCount DWORD 0
 00000024  00000020 [		buffer BYTE 32 DUP(0)
	    00
	   ]
 00000044 65 6E 74 65 72	prompt BYTE "enter number or operation (+,-,*,/,X,N,U,D,V,C,Q): ", 0
	   20 6E 75 6D 62
	   65 72 20 6F 72
	   20 6F 70 65 72
	   61 74 69 6F 6E
	   20 28 2B 2C 2D
	   2C 2A 2C 2F 2C
	   58 2C 4E 2C 55
	   2C 44 2C 56 2C
	   43 2C 51 29 3A
	   20 00
 00000078 73 74 61 63 6B	errFullMsg BYTE "stack is full!", 0
	   20 69 73 20 66
	   75 6C 6C 21 00
 00000087 73 74 61 63 6B	errEmptyMsg BYTE "stack is empty!", 0
	   20 69 73 20 65
	   6D 70 74 79 21
	   00
 00000097 6E 65 65 64 20	errTwoMsg BYTE "need at least two values!", 0
	   61 74 20 6C 65
	   61 73 74 20 74
	   77 6F 20 76 61
	   6C 75 65 73 21
	   00
				
 00000000			.code
 00000000			main PROC
				
 00000000			MainLoop:
 00000000  BA 00000044 R	    mov edx, OFFSET prompt
 00000005  E8 00000000 E	    call WriteString
 0000000A  BA 00000024 R	    mov edx, OFFSET buffer
 0000000F  B9 00000020		    mov ecx, 32
 00000014  E8 00000000 E	    call ReadString
 00000019  BE 00000024 R	    mov esi, OFFSET buffer
 0000001E  8A 06		    mov al, [esi]
				
 00000020  3C 2B		    cmp al, '+'
 00000022  74 2F		    je DoAdd
 00000024  3C 2D		    cmp al, '-'
 00000026  74 32		    je DoSub
 00000028  3C 2A		    cmp al, '*'
 0000002A  74 35		    je DoMul
 0000002C  3C 2F		    cmp al, '/'
 0000002E  74 38		    je DoDiv
 00000030  3C 58		    cmp al, 'X'
 00000032  74 3B		    je DoExchange
 00000034  3C 4E		    cmp al, 'N'
 00000036  74 3E		    je DoNegate
 00000038  3C 55		    cmp al, 'U'
 0000003A  74 41		    je DoRollUp
 0000003C  3C 44		    cmp al, 'D'
 0000003E  74 44		    je DoRollDown
 00000040  3C 56		    cmp al, 'V'
 00000042  74 47		    je DoView
 00000044  3C 43		    cmp al, 'C'
 00000046  74 4D		    je DoClear
 00000048  3C 51		    cmp al, 'Q'
 0000004A  74 7E		    je QuitProgram
				
				    ; otherwise treat as number
 0000004C  E8 00000080		    call PushNumber
 00000051  EB 4C		    jmp ShowTop
				
 00000053			DoAdd:
 00000053  E8 000000B2		    call AddProc
 00000058  EB 45		    jmp ShowTop
 0000005A			DoSub:
 0000005A  E8 000000C5		    call SubProc
 0000005F  EB 3E		    jmp ShowTop
 00000061			DoMul:
 00000061  E8 000000DA		    call MulProc
 00000066  EB 37		    jmp ShowTop
 00000068			DoDiv:
 00000068  E8 000000EE		    call DivProc
 0000006D  EB 30		    jmp ShowTop
 0000006F			DoExchange:
 0000006F  E8 00000113		    call ExchangeProc
 00000074  EB 29		    jmp ShowTop
 00000076			DoNegate:
 00000076  E8 00000144		    call NegateProc
 0000007B  EB 22		    jmp ShowTop
 0000007D			DoRollUp:
 0000007D  E8 0000015A		    call RollUpProc
 00000082  EB 1B		    jmp ShowTop
 00000084			DoRollDown:
 00000084  E8 0000018B		    call RollDownProc
 00000089  EB 14		    jmp ShowTop
 0000008B			DoView:
 0000008B  E8 000001CD		    call ViewProc
 00000090  E9 FFFFFF6B		    jmp MainLoop
 00000095			DoClear:
 00000095  E8 000001F1		    call ClearProc
 0000009A  E9 FFFFFF61		    jmp MainLoop
				
 0000009F			ShowTop:
 0000009F  83 3D 00000020 R	    cmp stackCount, 0
	   00
 000000A6  0F 84 FFFFFF54	    je MainLoop
 000000AC  A1 00000020 R	    mov eax, stackCount
 000000B1  48			    dec eax
 000000B2  8B D0		    mov edx, eax
 000000B4  8B 04 95		    mov eax, numStack[edx * 4]
	   00000000 R
 000000BB  E8 00000000 E	    call WriteInt
 000000C0  E8 00000000 E	    call Crlf
 000000C5  E9 FFFFFF36		    jmp MainLoop
				
 000000CA			QuitProgram:
				    exit
 000000CA  6A 00	   *	    push   +000000000h
 000000CC  E8 00000000 E   *	    call   ExitProcess
				
 000000D1			main ENDP
				
 000000D1			PushNumber PROC
 000000D1  83 3D 00000020 R	    cmp stackCount, stackSize
	   08
 000000D8  73 20		    jnc FullError
 000000DA  BA 00000024 R	    mov edx, OFFSET buffer
 000000DF  E8 00000000 E	    call ParseInteger32
 000000E4  8B 1D 00000020 R	    mov ebx, stackCount
 000000EA  8B D3		    mov edx, ebx
 000000EC  89 04 95		    mov numStack[edx * 4], eax
	   00000000 R
 000000F3  FF 05 00000020 R	    inc stackCount
 000000F9  C3			    ret
				
 000000FA			FullError:
 000000FA  BA 00000078 R	    mov edx, OFFSET errFullMsg
 000000FF  E8 00000000 E	    call WriteString
 00000104  E8 00000000 E	    call Crlf
 00000109  C3			    ret
 0000010A			PushNumber ENDP
				
 0000010A			AddProc PROC
 0000010A  83 3D 00000020 R	    cmp stackCount, 2
	   02
 00000111  0F 82 000001BC	    jb TwoError
 00000117  E8 0000017A		    call PopTwo
 0000011C  03 C3		    add eax, ebx
 0000011E  E8 0000019A		    call PushResult
 00000123  C3			    ret
 00000124			AddProc ENDP
				
 00000124			SubProc PROC
 00000124  83 3D 00000020 R	    cmp stackCount, 2
	   02
 0000012B  0F 82 000001A2	    jb TwoError
 00000131  E8 00000160		    call PopTwo
 00000136  2B D8		    sub ebx, eax
 00000138  8B C3		    mov eax, ebx
 0000013A  E8 0000017E		    call PushResult
 0000013F  C3			    ret
 00000140			SubProc ENDP
				
 00000140			MulProc PROC
 00000140  83 3D 00000020 R	    cmp stackCount, 2
	   02
 00000147  0F 82 00000186	    jc TwoError
 0000014D  E8 00000144		    call PopTwo
 00000152  0F AF C3		    imul eax, ebx
 00000155  E8 00000163		    call PushResult
 0000015A  C3			    ret
 0000015B			MulProc ENDP
				
 0000015B			DivProc PROC
 0000015B  83 3D 00000020 R	    cmp stackCount, 2
	   02
 00000162  0F 82 0000016B	    jc TwoError
 00000168  E8 00000129		    call PopTwo
 0000016D  83 F8 00		    cmp eax, 0
 00000170  0F 84 0000015D	    je TwoError ; good ol' divide-by-zero check
 00000176  BA 00000000		    mov edx, 0
 0000017B  8B C8		    mov ecx, eax
 0000017D  8B C3		    mov eax, ebx
 0000017F  F7 F9		    idiv ecx
 00000181  E8 00000137		    call PushResult
 00000186  C3			    ret
 00000187			DivProc ENDP
				
 00000187			ExchangeProc PROC
 00000187  83 3D 00000020 R	    cmp stackCount, 2
	   02
 0000018E  0F 82 0000013F	    jc TwoError
 00000194  A1 00000020 R	    mov eax, stackCount
 00000199  48			    dec eax
 0000019A  8B D0		    mov edx, eax
 0000019C  8B 1C 95		    mov ebx, numStack[edx * 4]
	   00000000 R
 000001A3  48			    dec eax
 000001A4  8B D0		    mov edx, eax
 000001A6  8B 0C 95		    mov ecx, numStack[edx * 4]
	   00000000 R
 000001AD  89 1C 95		    mov numStack[edx * 4], ebx
	   00000000 R
 000001B4  40			    inc eax
 000001B5  8B D0		    mov edx, eax
 000001B7  89 0C 95		    mov numStack[edx * 4], ecx
	   00000000 R
 000001BE  C3			    ret
 000001BF			ExchangeProc ENDP
				
 000001BF			NegateProc PROC
 000001BF  83 3D 00000020 R	    cmp stackCount,1
	   01
 000001C6  0F 82 00000117	    jc EmptyError
 000001CC  A1 00000020 R	    mov eax, stackCount
 000001D1  48			    dec eax
 000001D2  8B D0		    mov edx, eax
 000001D4  F7 1C 95		    neg numStack[edx * 4]
	   00000000 R
 000001DB  C3			    ret
 000001DC			NegateProc ENDP
				
 000001DC			RollUpProc PROC
 000001DC  83 3D 00000020 R	    cmp stackCount, 1
	   01
 000001E3  0F 8E 000000FA	    jle EmptyError
 000001E9  8B 0D 00000020 R	    mov ecx, stackCount
 000001EF  49			    dec ecx
 000001F0  8B D1		    mov edx, ecx
 000001F2  8B 04 95		    mov eax, numStack[edx * 4]
	   00000000 R
				
 000001F9			RollUpLoop:
 000001F9  8B D1		    mov edx, ecx
 000001FB  4A			    dec edx
 000001FC  8B 1C 95		    mov ebx, numStack[edx * 4]
	   00000000 R
 00000203  8B D1		    mov edx, ecx
 00000205  89 1C 95		    mov numStack[edx * 4], ebx
	   00000000 R
 0000020C  E2 EB		    loop RollUpLoop
 0000020E  A3 00000000 R	    mov numStack[0], eax
 00000213  C3			    ret
 00000214			RollUpProc ENDP
				
 00000214			RollDownProc PROC
 00000214  83 3D 00000020 R	    cmp stackCount, 1
	   01
 0000021B  0F 8E 000000C2	    jle EmptyError
 00000221  A1 00000000 R	    mov eax, numStack[0]
 00000226  B9 00000000		    mov ecx, 0
 0000022B  8B 15 00000020 R	    mov edx, stackCount
 00000231  4A			    dec edx
				
 00000232			RollDownLoop:
 00000232  3B CA		    cmp ecx, edx
 00000234  7D 18		    jge DoneRollDown
 00000236  8B D9		    mov ebx, ecx
 00000238  43			    inc ebx
 00000239  8B F3		    mov esi, ebx
 0000023B  8B 1C B5		    mov ebx, numStack[esi * 4]
	   00000000 R
 00000242  8B F1		    mov esi, ecx
 00000244  89 1C B5		    mov numStack[esi * 4], ebx
	   00000000 R
 0000024B  41			    inc ecx
 0000024C  EB E4		    jmp RollDownLoop
				
 0000024E			DoneRollDown:
 0000024E  8B 35 00000020 R	    mov esi, stackCount
 00000254  4E			    dec esi
 00000255  89 04 B5		    mov numStack[esi * 4], eax
	   00000000 R
 0000025C  C3			    ret
 0000025D			RollDownProc ENDP
				
 0000025D			ViewProc PROC
 0000025D  83 3D 00000020 R	    cmp stackCount, 0
	   00
 00000264  74 7D		    je EmptyError
 00000266  8B 0D 00000020 R	    mov ecx, stackCount
 0000026C  8B 15 00000020 R	    mov edx, stackCount
 00000272  49			    dec ecx
				
 00000273			ViewLoop:
 00000273  8B 04 8D		    mov eax, numStack[ecx * 4]
	   00000000 R
 0000027A  E8 00000000 E	    call WriteInt
 0000027F  E8 00000000 E	    call Crlf
 00000284  49			    dec ecx
 00000285  83 F9 FF		    cmp ecx, -1
 00000288  75 E9		    jne ViewLoop
 0000028A  C3			    ret
 0000028B			ViewProc ENDP
				
 0000028B			ClearProc PROC
 0000028B  C7 05 00000020 R	    mov stackCount, 0
	   00000000
 00000295  C3			    ret
 00000296			ClearProc ENDP
				
 00000296			PopTwo PROC
 00000296  FF 0D 00000020 R	    dec stackCount
 0000029C  8B 15 00000020 R	    mov edx, stackCount
 000002A2  8B 04 95		    mov eax, numStack[edx * 4]
	   00000000 R
 000002A9  FF 0D 00000020 R	    dec stackCount
 000002AF  8B 15 00000020 R	    mov edx, stackCount
 000002B5  8B 1C 95		    mov ebx, numStack[edx * 4]
	   00000000 R
 000002BC  C3			    ret
 000002BD			PopTwo ENDP
				
 000002BD			PushResult PROC
 000002BD  8B 1D 00000020 R	    mov ebx, stackCount
 000002C3  8B D3		    mov edx, ebx
 000002C5  89 04 95		    mov numStack[edx * 4], eax
	   00000000 R
 000002CC  FF 05 00000020 R	    inc stackCount
 000002D2  C3			    ret
 000002D3			PushResult ENDP
				
 000002D3			TwoError:
 000002D3  BA 00000097 R	    mov edx, OFFSET errTwoMsg
 000002D8  E8 00000000 E	    call WriteString
 000002DD  E8 00000000 E	    call Crlf
 000002E2  C3			    ret
				
 000002E3			EmptyError:
 000002E3  BA 00000087 R	    mov edx, OFFSET errEmptyMsg
 000002E8  E8 00000000 E	    call WriteString
 000002ED  E8 00000000 E	    call Crlf
 000002F2  C3			    ret
				
				END main
Microsoft (R) Macro Assembler Version 14.32.31342.0	    02/25/26 23:30:23
G3P							     Symbols 2 - 1




Structures and Unions:

                N a m e                  Size
                                         Offset      Type

CONSOLE_CURSOR_INFO  . . . . . .	 00000008
  dwSize . . . . . . . . . . . .	 00000000	 DWord
  bVisible . . . . . . . . . . .	 00000004	 DWord
CONSOLE_SCREEN_BUFFER_INFO . . .	 00000016
  dwSize . . . . . . . . . . . .	 00000000	 DWord
  dwCursorPosition . . . . . . .	 00000004	 DWord
  wAttributes  . . . . . . . . .	 00000008	 Word
  srWindow . . . . . . . . . . .	 0000000A	 QWord
  dwMaximumWindowSize  . . . . .	 00000012	 DWord
COORD  . . . . . . . . . . . . .	 00000004
  X  . . . . . . . . . . . . . .	 00000000	 Word
  Y  . . . . . . . . . . . . . .	 00000002	 Word
FILETIME . . . . . . . . . . . .	 00000008
  loDateTime . . . . . . . . . .	 00000000	 DWord
  hiDateTime . . . . . . . . . .	 00000004	 DWord
FOCUS_EVENT_RECORD . . . . . . .	 00000004
  bSetFocus  . . . . . . . . . .	 00000000	 DWord
FPU_ENVIRON  . . . . . . . . . .	 0000001C
  controlWord  . . . . . . . . .	 00000000	 Word
  statusWord . . . . . . . . . .	 00000004	 Word
  tagWord  . . . . . . . . . . .	 00000008	 Word
  instrPointerOffset . . . . . .	 0000000C	 DWord
  instrPointerSelector . . . . .	 00000010	 DWord
  operandPointerOffset . . . . .	 00000014	 DWord
  operandPointerSelector . . . .	 00000018	 Word
INPUT_RECORD . . . . . . . . . .	 00000014
  EventType  . . . . . . . . . .	 00000000	 Word
  Event  . . . . . . . . . . . .	 00000004	 XmmWord
  bKeyDown . . . . . . . . . . .	 00000000	 DWord
  wRepeatCount . . . . . . . . .	 00000004	 Word
  wVirtualKeyCode  . . . . . . .	 00000006	 Word
  wVirtualScanCode . . . . . . .	 00000008	 Word
  uChar  . . . . . . . . . . . .	 0000000A	 Word
  UnicodeChar  . . . . . . . . .	 00000000	 Word
  AsciiChar  . . . . . . . . . .	 00000000	 Byte
  dwControlKeyState  . . . . . .	 0000000C	 DWord
  dwMousePosition  . . . . . . .	 00000000	 DWord
  dwButtonState  . . . . . . . .	 00000004	 DWord
  dwMouseControlKeyState . . . .	 00000008	 DWord
  dwEventFlags . . . . . . . . .	 0000000C	 DWord
  dwSize . . . . . . . . . . . .	 00000000	 DWord
  dwCommandId  . . . . . . . . .	 00000000	 DWord
  bSetFocus  . . . . . . . . . .	 00000000	 DWord
KEY_EVENT_RECORD . . . . . . . .	 00000010
  bKeyDown . . . . . . . . . . .	 00000000	 DWord
  wRepeatCount . . . . . . . . .	 00000004	 Word
  wVirtualKeyCode  . . . . . . .	 00000006	 Word
  wVirtualScanCode . . . . . . .	 00000008	 Word
  uChar  . . . . . . . . . . . .	 0000000A	 Word
  UnicodeChar  . . . . . . . . .	 00000000	 Word
  AsciiChar  . . . . . . . . . .	 00000000	 Byte
  dwControlKeyState  . . . . . .	 0000000C	 DWord
MENU_EVENT_RECORD  . . . . . . .	 00000004
  dwCommandId  . . . . . . . . .	 00000000	 DWord
MOUSE_EVENT_RECORD . . . . . . .	 00000010
  dwMousePosition  . . . . . . .	 00000000	 DWord
  dwButtonState  . . . . . . . .	 00000004	 DWord
  dwMouseControlKeyState . . . .	 00000008	 DWord
  dwEventFlags . . . . . . . . .	 0000000C	 DWord
SMALL_RECT . . . . . . . . . . .	 00000008
  Left . . . . . . . . . . . . .	 00000000	 Word
  Top  . . . . . . . . . . . . .	 00000002	 Word
  Right  . . . . . . . . . . . .	 00000004	 Word
  Bottom . . . . . . . . . . . .	 00000006	 Word
SYSTEMTIME . . . . . . . . . . .	 00000010
  wYear  . . . . . . . . . . . .	 00000000	 Word
  wMonth . . . . . . . . . . . .	 00000002	 Word
  wDayOfWeek . . . . . . . . . .	 00000004	 Word
  wDay . . . . . . . . . . . . .	 00000006	 Word
  wHour  . . . . . . . . . . . .	 00000008	 Word
  wMinute  . . . . . . . . . . .	 0000000A	 Word
  wSecond  . . . . . . . . . . .	 0000000C	 Word
  wMilliseconds  . . . . . . . .	 0000000E	 Word
WINDOW_BUFFER_SIZE_RECORD  . . .	 00000004
  dwSize . . . . . . . . . . . .	 00000000	 DWord


Segments and Groups:

                N a m e                 Size     Length   Align   Combine Class

FLAT . . . . . . . . . . . . . .	GROUP
STACK  . . . . . . . . . . . . .	32 Bit	 00001000 Para	  Stack	  'STACK'	 
_DATA  . . . . . . . . . . . . .	32 Bit	 000000B1 Para	  Public  'DATA'	
_TEXT  . . . . . . . . . . . . .	32 Bit	 000002F3 Para	  Public  'CODE'	


Procedures, parameters, and locals:

                N a m e                 Type     Value    Attr

AddProc  . . . . . . . . . . . .	P Near	 0000010A _TEXT	Length= 0000001A Public STDCALL
ClearProc  . . . . . . . . . . .	P Near	 0000028B _TEXT	Length= 0000000B Public STDCALL
CloseFile  . . . . . . . . . . .	P Near	 00000000 FLAT	Length= 00000000 External STDCALL
CloseHandle  . . . . . . . . . .	P Near	 00000000 FLAT	Length= 00000000 External STDCALL
Clrscr . . . . . . . . . . . . .	P Near	 00000000 FLAT	Length= 00000000 External STDCALL
CreateFileA  . . . . . . . . . .	P Near	 00000000 FLAT	Length= 00000000 External STDCALL
CreateOutputFile . . . . . . . .	P Near	 00000000 FLAT	Length= 00000000 External STDCALL
Crlf . . . . . . . . . . . . . .	P Near	 00000000 FLAT	Length= 00000000 External STDCALL
Delay  . . . . . . . . . . . . .	P Near	 00000000 FLAT	Length= 00000000 External STDCALL
DivProc  . . . . . . . . . . . .	P Near	 0000015B _TEXT	Length= 0000002C Public STDCALL
DumpMem  . . . . . . . . . . . .	P Near	 00000000 FLAT	Length= 00000000 External STDCALL
DumpRegs . . . . . . . . . . . .	P Near	 00000000 FLAT	Length= 00000000 External STDCALL
ExchangeProc . . . . . . . . . .	P Near	 00000187 _TEXT	Length= 00000038 Public STDCALL
ExitProcess  . . . . . . . . . .	P Near	 00000000 FLAT	Length= 00000000 External STDCALL
FileTimeToDosDateTime  . . . . .	P Near	 00000000 FLAT	Length= 00000000 External STDCALL
FileTimeToSystemTime . . . . . .	P Near	 00000000 FLAT	Length= 00000000 External STDCALL
FlushConsoleInputBuffer  . . . .	P Near	 00000000 FLAT	Length= 00000000 External STDCALL
FormatMessageA . . . . . . . . .	P Near	 00000000 FLAT	Length= 00000000 External STDCALL
GetCommandLineA  . . . . . . . .	P Near	 00000000 FLAT	Length= 00000000 External STDCALL
GetCommandTail . . . . . . . . .	P Near	 00000000 FLAT	Length= 00000000 External STDCALL
GetConsoleCP . . . . . . . . . .	P Near	 00000000 FLAT	Length= 00000000 External STDCALL
GetConsoleCursorInfo . . . . . .	P Near	 00000000 FLAT	Length= 00000000 External STDCALL
GetConsoleMode . . . . . . . . .	P Near	 00000000 FLAT	Length= 00000000 External STDCALL
GetConsoleScreenBufferInfo . . .	P Near	 00000000 FLAT	Length= 00000000 External STDCALL
GetDateTime  . . . . . . . . . .	P Near	 00000000 FLAT	Length= 00000000 External STDCALL
GetFileTime  . . . . . . . . . .	P Near	 00000000 FLAT	Length= 00000000 External STDCALL
GetKeyState  . . . . . . . . . .	P Near	 00000000 FLAT	Length= 00000000 External STDCALL
GetLastError . . . . . . . . . .	P Near	 00000000 FLAT	Length= 00000000 External STDCALL
GetLocalTime . . . . . . . . . .	P Near	 00000000 FLAT	Length= 00000000 External STDCALL
GetMaxXY . . . . . . . . . . . .	P Near	 00000000 FLAT	Length= 00000000 External STDCALL
GetMseconds  . . . . . . . . . .	P Near	 00000000 FLAT	Length= 00000000 External STDCALL
GetNumberOfConsoleInputEvents  .	P Near	 00000000 FLAT	Length= 00000000 External STDCALL
GetProcessHeap . . . . . . . . .	P Near	 00000000 FLAT	Length= 00000000 External STDCALL
GetStdHandle . . . . . . . . . .	P Near	 00000000 FLAT	Length= 00000000 External STDCALL
GetSystemTime  . . . . . . . . .	P Near	 00000000 FLAT	Length= 00000000 External STDCALL
GetTextColor . . . . . . . . . .	P Near	 00000000 FLAT	Length= 00000000 External STDCALL
GetTickCount . . . . . . . . . .	P Near	 00000000 FLAT	Length= 00000000 External STDCALL
Gotoxy . . . . . . . . . . . . .	P Near	 00000000 FLAT	Length= 00000000 External STDCALL
HeapAlloc  . . . . . . . . . . .	P Near	 00000000 FLAT	Length= 00000000 External STDCALL
HeapCreate . . . . . . . . . . .	P Near	 00000000 FLAT	Length= 00000000 External STDCALL
HeapDestroy  . . . . . . . . . .	P Near	 00000000 FLAT	Length= 00000000 External STDCALL
HeapFree . . . . . . . . . . . .	P Near	 00000000 FLAT	Length= 00000000 External STDCALL
HeapSize . . . . . . . . . . . .	P Near	 00000000 FLAT	Length= 00000000 External STDCALL
IsDigit  . . . . . . . . . . . .	P Near	 00000000 FLAT	Length= 00000000 External STDCALL
LocalFree  . . . . . . . . . . .	P Near	 00000000 FLAT	Length= 00000000 External STDCALL
MessageBoxA  . . . . . . . . . .	P Near	 00000000 FLAT	Length= 00000000 External STDCALL
MsgBoxAsk  . . . . . . . . . . .	P Near	 00000000 FLAT	Length= 00000000 External STDCALL
MsgBox . . . . . . . . . . . . .	P Near	 00000000 FLAT	Length= 00000000 External STDCALL
MulProc  . . . . . . . . . . . .	P Near	 00000140 _TEXT	Length= 0000001B Public STDCALL
NegateProc . . . . . . . . . . .	P Near	 000001BF _TEXT	Length= 0000001D Public STDCALL
OpenInputFile  . . . . . . . . .	P Near	 00000000 FLAT	Length= 00000000 External STDCALL
ParseDecimal32 . . . . . . . . .	P Near	 00000000 FLAT	Length= 00000000 External STDCALL
ParseInteger32 . . . . . . . . .	P Near	 00000000 FLAT	Length= 00000000 External STDCALL
PeekConsoleInputA  . . . . . . .	P Near	 00000000 FLAT	Length= 00000000 External STDCALL
PopTwo . . . . . . . . . . . . .	P Near	 00000296 _TEXT	Length= 00000027 Public STDCALL
PushNumber . . . . . . . . . . .	P Near	 000000D1 _TEXT	Length= 00000039 Public STDCALL
  FullError  . . . . . . . . . .	L Near	 000000FA _TEXT	
PushResult . . . . . . . . . . .	P Near	 000002BD _TEXT	Length= 00000016 Public STDCALL
Random32 . . . . . . . . . . . .	P Near	 00000000 FLAT	Length= 00000000 External STDCALL
RandomRange  . . . . . . . . . .	P Near	 00000000 FLAT	Length= 00000000 External STDCALL
Randomize  . . . . . . . . . . .	P Near	 00000000 FLAT	Length= 00000000 External STDCALL
ReadChar . . . . . . . . . . . .	P Near	 00000000 FLAT	Length= 00000000 External STDCALL
ReadConsoleA . . . . . . . . . .	P Near	 00000000 FLAT	Length= 00000000 External STDCALL
ReadConsoleInputA  . . . . . . .	P Near	 00000000 FLAT	Length= 00000000 External STDCALL
ReadDec  . . . . . . . . . . . .	P Near	 00000000 FLAT	Length= 00000000 External STDCALL
ReadFile . . . . . . . . . . . .	P Near	 00000000 FLAT	Length= 00000000 External STDCALL
ReadFloat  . . . . . . . . . . .	P Near	 00000000 FLAT	Length= 00000000 External STDCALL
ReadFromFile . . . . . . . . . .	P Near	 00000000 FLAT	Length= 00000000 External STDCALL
ReadHex  . . . . . . . . . . . .	P Near	 00000000 FLAT	Length= 00000000 External STDCALL
ReadInt  . . . . . . . . . . . .	P Near	 00000000 FLAT	Length= 00000000 External STDCALL
ReadKeyFlush . . . . . . . . . .	P Near	 00000000 FLAT	Length= 00000000 External STDCALL
ReadKey  . . . . . . . . . . . .	P Near	 00000000 FLAT	Length= 00000000 External STDCALL
ReadString . . . . . . . . . . .	P Near	 00000000 FLAT	Length= 00000000 External STDCALL
RollDownProc . . . . . . . . . .	P Near	 00000214 _TEXT	Length= 00000049 Public STDCALL
  RollDownLoop . . . . . . . . .	L Near	 00000232 _TEXT	
  DoneRollDown . . . . . . . . .	L Near	 0000024E _TEXT	
RollUpProc . . . . . . . . . . .	P Near	 000001DC _TEXT	Length= 00000038 Public STDCALL
  RollUpLoop . . . . . . . . . .	L Near	 000001F9 _TEXT	
SetConsoleCursorInfo . . . . . .	P Near	 00000000 FLAT	Length= 00000000 External STDCALL
SetConsoleCursorPosition . . . .	P Near	 00000000 FLAT	Length= 00000000 External STDCALL
SetConsoleMode . . . . . . . . .	P Near	 00000000 FLAT	Length= 00000000 External STDCALL
SetConsoleScreenBufferSize . . .	P Near	 00000000 FLAT	Length= 00000000 External STDCALL
SetConsoleTextAttribute  . . . .	P Near	 00000000 FLAT	Length= 00000000 External STDCALL
SetConsoleTitleA . . . . . . . .	P Near	 00000000 FLAT	Length= 00000000 External STDCALL
SetConsoleWindowInfo . . . . . .	P Near	 00000000 FLAT	Length= 00000000 External STDCALL
SetFilePointer . . . . . . . . .	P Near	 00000000 FLAT	Length= 00000000 External STDCALL
SetLocalTime . . . . . . . . . .	P Near	 00000000 FLAT	Length= 00000000 External STDCALL
SetTextColor . . . . . . . . . .	P Near	 00000000 FLAT	Length= 00000000 External STDCALL
ShowFPUStack . . . . . . . . . .	P Near	 00000000 FLAT	Length= 00000000 External STDCALL
Sleep  . . . . . . . . . . . . .	P Near	 00000000 FLAT	Length= 00000000 External STDCALL
StrLength  . . . . . . . . . . .	P Near	 00000000 FLAT	Length= 00000000 External STDCALL
Str_compare  . . . . . . . . . .	P Near	 00000000 FLAT	Length= 00000000 External STDCALL
Str_copy . . . . . . . . . . . .	P Near	 00000000 FLAT	Length= 00000000 External STDCALL
Str_length . . . . . . . . . . .	P Near	 00000000 FLAT	Length= 00000000 External STDCALL
Str_trim . . . . . . . . . . . .	P Near	 00000000 FLAT	Length= 00000000 External STDCALL
Str_ucase  . . . . . . . . . . .	P Near	 00000000 FLAT	Length= 00000000 External STDCALL
SubProc  . . . . . . . . . . . .	P Near	 00000124 _TEXT	Length= 0000001C Public STDCALL
SystemTimeToFileTime . . . . . .	P Near	 00000000 FLAT	Length= 00000000 External STDCALL
ViewProc . . . . . . . . . . . .	P Near	 0000025D _TEXT	Length= 0000002E Public STDCALL
  ViewLoop . . . . . . . . . . .	L Near	 00000273 _TEXT	
WaitMsg  . . . . . . . . . . . .	P Near	 00000000 FLAT	Length= 00000000 External STDCALL
WriteBinB  . . . . . . . . . . .	P Near	 00000000 FLAT	Length= 00000000 External STDCALL
WriteBin . . . . . . . . . . . .	P Near	 00000000 FLAT	Length= 00000000 External STDCALL
WriteChar  . . . . . . . . . . .	P Near	 00000000 FLAT	Length= 00000000 External STDCALL
WriteConsoleA  . . . . . . . . .	P Near	 00000000 FLAT	Length= 00000000 External STDCALL
WriteConsoleOutputAttribute  . .	P Near	 00000000 FLAT	Length= 00000000 External STDCALL
WriteConsoleOutputCharacterA . .	P Near	 00000000 FLAT	Length= 00000000 External STDCALL
WriteDec . . . . . . . . . . . .	P Near	 00000000 FLAT	Length= 00000000 External STDCALL
WriteFile  . . . . . . . . . . .	P Near	 00000000 FLAT	Length= 00000000 External STDCALL
WriteFloat . . . . . . . . . . .	P Near	 00000000 FLAT	Length= 00000000 External STDCALL
WriteHexB  . . . . . . . . . . .	P Near	 00000000 FLAT	Length= 00000000 External STDCALL
WriteHex . . . . . . . . . . . .	P Near	 00000000 FLAT	Length= 00000000 External STDCALL
WriteInt . . . . . . . . . . . .	P Near	 00000000 FLAT	Length= 00000000 External STDCALL
WriteStackFrameName  . . . . . .	P Near	 00000000 FLAT	Length= 00000000 External STDCALL
WriteStackFrame  . . . . . . . .	P Near	 00000000 FLAT	Length= 00000000 External STDCALL
WriteString  . . . . . . . . . .	P Near	 00000000 FLAT	Length= 00000000 External STDCALL
WriteToFile  . . . . . . . . . .	P Near	 00000000 FLAT	Length= 00000000 External STDCALL
WriteWindowsMsg  . . . . . . . .	P Near	 00000000 FLAT	Length= 00000000 External STDCALL
main . . . . . . . . . . . . . .	P Near	 00000000 _TEXT	Length= 000000D1 Public STDCALL
  MainLoop . . . . . . . . . . .	L Near	 00000000 _TEXT	
  DoAdd  . . . . . . . . . . . .	L Near	 00000053 _TEXT	
  DoSub  . . . . . . . . . . . .	L Near	 0000005A _TEXT	
  DoMul  . . . . . . . . . . . .	L Near	 00000061 _TEXT	
  DoDiv  . . . . . . . . . . . .	L Near	 00000068 _TEXT	
  DoExchange . . . . . . . . . .	L Near	 0000006F _TEXT	
  DoNegate . . . . . . . . . . .	L Near	 00000076 _TEXT	
  DoRollUp . . . . . . . . . . .	L Near	 0000007D _TEXT	
  DoRollDown . . . . . . . . . .	L Near	 00000084 _TEXT	
  DoView . . . . . . . . . . . .	L Near	 0000008B _TEXT	
  DoClear  . . . . . . . . . . .	L Near	 00000095 _TEXT	
  ShowTop  . . . . . . . . . . .	L Near	 0000009F _TEXT	
  QuitProgram  . . . . . . . . .	L Near	 000000CA _TEXT	
printf . . . . . . . . . . . . .	P Near	 00000000 FLAT	Length= 00000000 External C
scanf  . . . . . . . . . . . . .	P Near	 00000000 FLAT	Length= 00000000 External C
wsprintfA  . . . . . . . . . . .	P Near	 00000000 FLAT	Length= 00000000 External C


Symbols:

                N a m e                 Type     Value    Attr

@CodeSize  . . . . . . . . . . .	Number	 00000000h   
@DataSize  . . . . . . . . . . .	Number	 00000000h   
@Interface . . . . . . . . . . .	Number	 00000003h   
@Model . . . . . . . . . . . . .	Number	 00000007h   
@code  . . . . . . . . . . . . .	Text   	 _TEXT
@data  . . . . . . . . . . . . .	Text   	 FLAT
@fardata?  . . . . . . . . . . .	Text   	 FLAT
@fardata . . . . . . . . . . . .	Text   	 FLAT
@stack . . . . . . . . . . . . .	Text   	 FLAT
ALT_MASK . . . . . . . . . . . .	Number	 00000003h   
CAPSLOCK_ON  . . . . . . . . . .	Number	 00000080h   
CREATE_ALWAYS  . . . . . . . . .	Number	 00000002h   
CREATE_NEW . . . . . . . . . . .	Number	 00000001h   
CTRL_MASK  . . . . . . . . . . .	Number	 0000000Ch   
CreateFile . . . . . . . . . . .	Text   	 CreateFileA
DO_NOT_SHARE . . . . . . . . . .	Number	 00000000h   
ENABLE_ECHO_INPUT  . . . . . . .	Number	 00000004h   
ENABLE_LINE_INPUT  . . . . . . .	Number	 00000002h   
ENABLE_MOUSE_INPUT . . . . . . .	Number	 00000010h   
ENABLE_PROCESSED_INPUT . . . . .	Number	 00000001h   
ENABLE_PROCESSED_OUTPUT  . . . .	Number	 00000001h   
ENABLE_WINDOW_INPUT  . . . . . .	Number	 00000008h   
ENABLE_WRAP_AT_EOL_OUTPUT  . . .	Number	 00000002h   
ENHANCED_KEY . . . . . . . . . .	Number	 00000100h   
EmptyError . . . . . . . . . . .	L Near	 000002E3 _TEXT	
FALSE  . . . . . . . . . . . . .	Number	 00000000h   
FILE_APPEND_DATA . . . . . . . .	Number	 00000004h   
FILE_ATTRIBUTE_ARCHIVE . . . . .	Number	 00000020h   
FILE_ATTRIBUTE_COMPRESSED  . . .	Number	 00000800h   
FILE_ATTRIBUTE_DEVICE  . . . . .	Number	 00000040h   
FILE_ATTRIBUTE_DIRECTORY . . . .	Number	 00000010h   
FILE_ATTRIBUTE_ENCRYPTED . . . .	Number	 00004000h   
FILE_ATTRIBUTE_HIDDEN  . . . . .	Number	 00000002h   
FILE_ATTRIBUTE_NORMAL  . . . . .	Number	 00000080h   
FILE_ATTRIBUTE_NOT_CONTENT_INDEXED .	Number	 00002000h   
FILE_ATTRIBUTE_OFFLINE . . . . .	Number	 00001000h   
FILE_ATTRIBUTE_READONLY  . . . .	Number	 00000001h   
FILE_ATTRIBUTE_REPARSE_POINT . .	Number	 00000400h   
FILE_ATTRIBUTE_SPARSE_FILE . . .	Number	 00000200h   
FILE_ATTRIBUTE_SYSTEM  . . . . .	Number	 00000004h   
FILE_ATTRIBUTE_TEMPORARY . . . .	Number	 00000100h   
FILE_BEGIN . . . . . . . . . . .	Number	 00000000h   
FILE_CURRENT . . . . . . . . . .	Number	 00000001h   
FILE_DELETE_CHILD  . . . . . . .	Number	 00000040h   
FILE_END . . . . . . . . . . . .	Number	 00000002h   
FILE_READ_DATA . . . . . . . . .	Number	 00000001h   
FILE_SHARE_DELETE  . . . . . . .	Number	 00000004h   
FILE_SHARE_READ  . . . . . . . .	Number	 00000001h   
FILE_SHARE_WRITE . . . . . . . .	Number	 00000002h   
FILE_WRITE_DATA  . . . . . . . .	Number	 00000002h   
FOCUS_EVENT  . . . . . . . . . .	Number	 00000010h   
FORMAT_MESSAGE_ALLOCATE_BUFFER .	Number	 00000100h   
FORMAT_MESSAGE_FROM_SYSTEM . . .	Number	 00001000h   
FormatMessage  . . . . . . . . .	Text   	 FormatMessageA
GENERIC_ALL  . . . . . . . . . .	Number	 10000000h   
GENERIC_EXECUTE  . . . . . . . .	Number	 20000000h   
GENERIC_READ . . . . . . . . . .	Number	 -80000000h   
GENERIC_WRITE  . . . . . . . . .	Number	 40000000h   
GetCommandLine . . . . . . . . .	Text   	 GetCommandLineA
HANDLE . . . . . . . . . . . . .	Text   	 DWORD
HEAP_GENERATE_EXCEPTIONS . . . .	Number	 00000004h   
HEAP_GROWABLE  . . . . . . . . .	Number	 00000002h   
HEAP_NO_SERIALIZE  . . . . . . .	Number	 00000001h   
HEAP_REALLOC_IN_PLACE_ONLY . . .	Number	 00000010h   
HEAP_ZERO_MEMORY . . . . . . . .	Number	 00000008h   
IDABORT  . . . . . . . . . . . .	Number	 00000003h   
IDCANCEL . . . . . . . . . . . .	Number	 00000002h   
IDCLOSE  . . . . . . . . . . . .	Number	 00000008h   
IDCONTINUE . . . . . . . . . . .	Number	 0000000Bh   
IDHELP . . . . . . . . . . . . .	Number	 00000009h   
IDIGNORE . . . . . . . . . . . .	Number	 00000005h   
IDNO . . . . . . . . . . . . . .	Number	 00000007h   
IDOK . . . . . . . . . . . . . .	Number	 00000001h   
IDRETRY  . . . . . . . . . . . .	Number	 00000004h   
IDTIMEOUT  . . . . . . . . . . .	Number	 00007D00h   
IDTRYAGAIN . . . . . . . . . . .	Number	 0000000Ah   
IDYES  . . . . . . . . . . . . .	Number	 00000006h   
INVALID_HANDLE_VALUE . . . . . .	Number	 -00000001h   
KBDOWN_FLAG  . . . . . . . . . .	Number	 00000001h   
KEY_EVENT  . . . . . . . . . . .	Number	 00000001h   
KEY_MASKS  . . . . . . . . . . .	Number	 0000001Fh   
LEFT_ALT_PRESSED . . . . . . . .	Number	 00000002h   
LEFT_CTRL_PRESSED  . . . . . . .	Number	 00000008h   
MB_ABORTRETRYIGNORE  . . . . . .	Number	 00000002h   
MB_APPLMODAL . . . . . . . . . .	Number	 00000000h   
MB_CANCELTRYCONTINUE . . . . . .	Number	 00000006h   
MB_DEFBUTTON1  . . . . . . . . .	Number	 00000000h   
MB_DEFBUTTON2  . . . . . . . . .	Number	 00000100h   
MB_DEFBUTTON3  . . . . . . . . .	Number	 00000200h   
MB_DEFBUTTON4  . . . . . . . . .	Number	 00000300h   
MB_HELP  . . . . . . . . . . . .	Number	 00004000h   
MB_ICONASTERISK  . . . . . . . .	Number	 00000040h   
MB_ICONERROR . . . . . . . . . .	Number	 00000010h   
MB_ICONEXCLAMATION . . . . . . .	Number	 00000030h   
MB_ICONHAND  . . . . . . . . . .	Number	 00000010h   
MB_ICONINFORMATION . . . . . . .	Number	 00000040h   
MB_ICONQUESTION  . . . . . . . .	Number	 00000020h   
MB_ICONSTOP  . . . . . . . . . .	Number	 00000010h   
MB_ICONWARNING . . . . . . . . .	Number	 00000030h   
MB_OKCANCEL  . . . . . . . . . .	Number	 00000001h   
MB_OK  . . . . . . . . . . . . .	Number	 00000000h   
MB_RETRYCANCEL . . . . . . . . .	Number	 00000005h   
MB_SYSTEMMODAL . . . . . . . . .	Number	 00001000h   
MB_TASKMODAL . . . . . . . . . .	Number	 00002000h   
MB_USERICON  . . . . . . . . . .	Number	 00000080h   
MB_YESNOCANCEL . . . . . . . . .	Number	 00000003h   
MB_YESNO . . . . . . . . . . . .	Number	 00000004h   
MENU_EVENT . . . . . . . . . . .	Number	 00000008h   
MOUSE_EVENT  . . . . . . . . . .	Number	 00000002h   
MessageBox . . . . . . . . . . .	Text   	 MessageBoxA
NULL . . . . . . . . . . . . . .	Number	 00000000h   
NUMLOCK_ON . . . . . . . . . . .	Number	 00000020h   
OPEN_ALWAYS  . . . . . . . . . .	Number	 00000004h   
OPEN_EXISTING  . . . . . . . . .	Number	 00000003h   
PeekConsoleInput . . . . . . . .	Text   	 PeekConsoleInputA
RIGHT_ALT_PRESSED  . . . . . . .	Number	 00000001h   
RIGHT_CTRL_PRESSED . . . . . . .	Number	 00000004h   
ReadConsoleInput . . . . . . . .	Text   	 ReadConsoleInputA
ReadConsole  . . . . . . . . . .	Text   	 ReadConsoleA
SCROLLLOCK_ON  . . . . . . . . .	Number	 00000040h   
SHIFT_MASK . . . . . . . . . . .	Number	 00000010h   
SHIFT_PRESSED  . . . . . . . . .	Number	 00000010h   
STD_ERROR_HANDLE . . . . . . . .	Number	 -0000000Ch   
STD_INPUT_HANDLE . . . . . . . .	Number	 -0000000Ah   
STD_OUTPUT_HANDLE  . . . . . . .	Number	 -0000000Bh   
SetConsoleTitle  . . . . . . . .	Text   	 SetConsoleTitleA
TAB  . . . . . . . . . . . . . .	Number	 00000009h   
TRUE . . . . . . . . . . . . . .	Number	 00000001h   
TRUNCATE_EXISTING  . . . . . . .	Number	 00000005h   
TwoError . . . . . . . . . . . .	L Near	 000002D3 _TEXT	
VK_11  . . . . . . . . . . . . .	Number	 000000BDh   
VK_12  . . . . . . . . . . . . .	Number	 000000BBh   
VK_ADD . . . . . . . . . . . . .	Number	 0000006Bh   
VK_BACK  . . . . . . . . . . . .	Number	 00000008h   
VK_CANCEL  . . . . . . . . . . .	Number	 00000003h   
VK_CAPITAL . . . . . . . . . . .	Number	 00000014h   
VK_CLEAR . . . . . . . . . . . .	Number	 0000000Ch   
VK_CONTROL . . . . . . . . . . .	Number	 00000011h   
VK_DECIMAL . . . . . . . . . . .	Number	 0000006Eh   
VK_DELETE  . . . . . . . . . . .	Number	 0000002Eh   
VK_DIVIDE  . . . . . . . . . . .	Number	 0000006Fh   
VK_DOWN  . . . . . . . . . . . .	Number	 00000028h   
VK_END . . . . . . . . . . . . .	Number	 00000023h   
VK_ESCAPE  . . . . . . . . . . .	Number	 0000001Bh   
VK_EXECUTE . . . . . . . . . . .	Number	 0000002Bh   
VK_F10 . . . . . . . . . . . . .	Number	 00000079h   
VK_F11 . . . . . . . . . . . . .	Number	 0000007Ah   
VK_F12 . . . . . . . . . . . . .	Number	 0000007Bh   
VK_F13 . . . . . . . . . . . . .	Number	 0000007Ch   
VK_F14 . . . . . . . . . . . . .	Number	 0000007Dh   
VK_F15 . . . . . . . . . . . . .	Number	 0000007Eh   
VK_F16 . . . . . . . . . . . . .	Number	 0000007Fh   
VK_F17 . . . . . . . . . . . . .	Number	 00000080h   
VK_F18 . . . . . . . . . . . . .	Number	 00000081h   
VK_F19 . . . . . . . . . . . . .	Number	 00000082h   
VK_F1  . . . . . . . . . . . . .	Number	 00000070h   
VK_F20 . . . . . . . . . . . . .	Number	 00000083h   
VK_F21 . . . . . . . . . . . . .	Number	 00000084h   
VK_F22 . . . . . . . . . . . . .	Number	 00000085h   
VK_F23 . . . . . . . . . . . . .	Number	 00000086h   
VK_F24 . . . . . . . . . . . . .	Number	 00000087h   
VK_F2  . . . . . . . . . . . . .	Number	 00000071h   
VK_F3  . . . . . . . . . . . . .	Number	 00000072h   
VK_F4  . . . . . . . . . . . . .	Number	 00000073h   
VK_F5  . . . . . . . . . . . . .	Number	 00000074h   
VK_F6  . . . . . . . . . . . . .	Number	 00000075h   
VK_F7  . . . . . . . . . . . . .	Number	 00000076h   
VK_F8  . . . . . . . . . . . . .	Number	 00000077h   
VK_F9  . . . . . . . . . . . . .	Number	 00000078h   
VK_HELP  . . . . . . . . . . . .	Number	 0000002Fh   
VK_HOME  . . . . . . . . . . . .	Number	 00000024h   
VK_INSERT  . . . . . . . . . . .	Number	 0000002Dh   
VK_LBUTTON . . . . . . . . . . .	Number	 00000001h   
VK_LCONTROL  . . . . . . . . . .	Number	 000000A2h   
VK_LEFT  . . . . . . . . . . . .	Number	 00000025h   
VK_LMENU . . . . . . . . . . . .	Number	 000000A4h   
VK_LSHIFT  . . . . . . . . . . .	Number	 000000A0h   
VK_MENU  . . . . . . . . . . . .	Number	 00000012h   
VK_MULTIPLY  . . . . . . . . . .	Number	 0000006Ah   
VK_NEXT  . . . . . . . . . . . .	Number	 00000022h   
VK_NUMLOCK . . . . . . . . . . .	Number	 00000090h   
VK_NUMPAD0 . . . . . . . . . . .	Number	 00000060h   
VK_NUMPAD1 . . . . . . . . . . .	Number	 00000061h   
VK_NUMPAD2 . . . . . . . . . . .	Number	 00000062h   
VK_NUMPAD3 . . . . . . . . . . .	Number	 00000063h   
VK_NUMPAD4 . . . . . . . . . . .	Number	 00000064h   
VK_NUMPAD5 . . . . . . . . . . .	Number	 00000065h   
VK_NUMPAD6 . . . . . . . . . . .	Number	 00000066h   
VK_NUMPAD7 . . . . . . . . . . .	Number	 00000067h   
VK_NUMPAD8 . . . . . . . . . . .	Number	 00000068h   
VK_NUMPAD9 . . . . . . . . . . .	Number	 00000069h   
VK_PAUSE . . . . . . . . . . . .	Number	 00000013h   
VK_PRINT . . . . . . . . . . . .	Number	 0000002Ah   
VK_PRIOR . . . . . . . . . . . .	Number	 00000021h   
VK_RBUTTON . . . . . . . . . . .	Number	 00000002h   
VK_RCONTROL  . . . . . . . . . .	Number	 000000A3h   
VK_RETURN  . . . . . . . . . . .	Number	 0000000Dh   
VK_RIGHT . . . . . . . . . . . .	Number	 00000027h   
VK_RMENU . . . . . . . . . . . .	Number	 000000A5h   
VK_RSHIFT  . . . . . . . . . . .	Number	 000000A1h   
VK_SCROLL  . . . . . . . . . . .	Number	 00000091h   
VK_SEPARATER . . . . . . . . . .	Number	 0000006Ch   
VK_SHIFT . . . . . . . . . . . .	Number	 00000010h   
VK_SNAPSHOT  . . . . . . . . . .	Number	 0000002Ch   
VK_SPACE . . . . . . . . . . . .	Number	 00000020h   
VK_SUBTRACT  . . . . . . . . . .	Number	 0000006Dh   
VK_TAB . . . . . . . . . . . . .	Number	 00000009h   
VK_UP  . . . . . . . . . . . . .	Number	 00000026h   
WINDOW_BUFFER_SIZE_EVENT . . . .	Number	 00000004h   
WriteConsoleOutputCharacter  . .	Text   	 WriteConsoleOutputCharacterA
WriteConsole . . . . . . . . . .	Text   	 WriteConsoleA
black  . . . . . . . . . . . . .	Number	 00000000h   
blue . . . . . . . . . . . . . .	Number	 00000001h   
brown  . . . . . . . . . . . . .	Number	 00000006h   
buffer . . . . . . . . . . . . .	Byte	 00000024 _DATA	
cyan . . . . . . . . . . . . . .	Number	 00000003h   
errEmptyMsg  . . . . . . . . . .	Byte	 00000087 _DATA	
errFullMsg . . . . . . . . . . .	Byte	 00000078 _DATA	
errTwoMsg  . . . . . . . . . . .	Byte	 00000097 _DATA	
exit . . . . . . . . . . . . . .	Text   	 INVOKE ExitProcess,0
gray . . . . . . . . . . . . . .	Number	 00000008h   
green  . . . . . . . . . . . . .	Number	 00000002h   
lightBlue  . . . . . . . . . . .	Number	 00000009h   
lightCyan  . . . . . . . . . . .	Number	 0000000Bh   
lightGray  . . . . . . . . . . .	Number	 00000007h   
lightGreen . . . . . . . . . . .	Number	 0000000Ah   
lightMagenta . . . . . . . . . .	Number	 0000000Dh   
lightRed . . . . . . . . . . . .	Number	 0000000Ch   
magenta  . . . . . . . . . . . .	Number	 00000005h   
numStack . . . . . . . . . . . .	DWord	 00000000 _DATA	
prompt . . . . . . . . . . . . .	Byte	 00000044 _DATA	
red  . . . . . . . . . . . . . .	Number	 00000004h   
stackCount . . . . . . . . . . .	DWord	 00000020 _DATA	
stackSize  . . . . . . . . . . .	Number	 00000008h   
white  . . . . . . . . . . . . .	Number	 0000000Fh   
wsprintf . . . . . . . . . . . .	Text   	 wsprintfA
yellow . . . . . . . . . . . . .	Number	 0000000Eh   

	   0 Warnings
	   0 Errors
